2018/08/14 05:17:16 [error] [php] str_repeat(): Second argument has to be greater than or equal to 0 (C:\xampp\htdocs\day2\protected\controllers\SiteController.php:156)
Stack trace:
#0 C:\xampp\htdocs\yii\framework\web\CController.php(308): CInlineAction->runWithParams()
#1 C:\xampp\htdocs\yii\framework\web\CController.php(286): SiteController->runAction()
#2 C:\xampp\htdocs\yii\framework\web\CController.php(265): SiteController->runActionWithFilters()
#3 C:\xampp\htdocs\yii\framework\web\CWebApplication.php(282): SiteController->run()
#4 C:\xampp\htdocs\yii\framework\web\CWebApplication.php(141): CWebApplication->runController()
#5 C:\xampp\htdocs\yii\framework\base\CApplication.php(180): CWebApplication->processRequest()
#6 C:\xampp\htdocs\day2\index.php(13): CWebApplication->run()
REQUEST_URI=/day2/index.php?r=site/practice7
in C:\xampp\htdocs\day2\protected\controllers\SiteController.php (156)
in C:\xampp\htdocs\day2\index.php (13)
2018/08/14 05:25:36 [error] [php] str_repeat(): Second argument has to be greater than or equal to 0 (C:\xampp\htdocs\day2\protected\controllers\SiteController.php:156)
Stack trace:
#0 C:\xampp\htdocs\yii\framework\web\CController.php(308): CInlineAction->runWithParams()
#1 C:\xampp\htdocs\yii\framework\web\CController.php(286): SiteController->runAction()
#2 C:\xampp\htdocs\yii\framework\web\CController.php(265): SiteController->runActionWithFilters()
#3 C:\xampp\htdocs\yii\framework\web\CWebApplication.php(282): SiteController->run()
#4 C:\xampp\htdocs\yii\framework\web\CWebApplication.php(141): CWebApplication->runController()
#5 C:\xampp\htdocs\yii\framework\base\CApplication.php(180): CWebApplication->processRequest()
#6 C:\xampp\htdocs\day2\index.php(13): CWebApplication->run()
REQUEST_URI=/day2/index.php?r=site/practice7
in C:\xampp\htdocs\day2\protected\controllers\SiteController.php (156)
in C:\xampp\htdocs\day2\index.php (13)
2018/08/14 05:27:39 [error] [php] str_repeat(): Second argument has to be greater than or equal to 0 (C:\xampp\htdocs\day2\protected\controllers\SiteController.php:156)
Stack trace:
#0 C:\xampp\htdocs\yii\framework\web\CController.php(308): CInlineAction->runWithParams()
#1 C:\xampp\htdocs\yii\framework\web\CController.php(286): SiteController->runAction()
#2 C:\xampp\htdocs\yii\framework\web\CController.php(265): SiteController->runActionWithFilters()
#3 C:\xampp\htdocs\yii\framework\web\CWebApplication.php(282): SiteController->run()
#4 C:\xampp\htdocs\yii\framework\web\CWebApplication.php(141): CWebApplication->runController()
#5 C:\xampp\htdocs\yii\framework\base\CApplication.php(180): CWebApplication->processRequest()
#6 C:\xampp\htdocs\day2\index.php(13): CWebApplication->run()
REQUEST_URI=/day2/index.php?r=site/practice7
in C:\xampp\htdocs\day2\protected\controllers\SiteController.php (156)
in C:\xampp\htdocs\day2\index.php (13)
2018/08/14 05:35:04 [error] [php] str_repeat(): Second argument has to be greater than or equal to 0 (C:\xampp\htdocs\day2\protected\controllers\SiteController.php:158)
Stack trace:
#0 C:\xampp\htdocs\yii\framework\web\CController.php(308): CInlineAction->runWithParams()
#1 C:\xampp\htdocs\yii\framework\web\CController.php(286): SiteController->runAction()
#2 C:\xampp\htdocs\yii\framework\web\CController.php(265): SiteController->runActionWithFilters()
#3 C:\xampp\htdocs\yii\framework\web\CWebApplication.php(282): SiteController->run()
#4 C:\xampp\htdocs\yii\framework\web\CWebApplication.php(141): CWebApplication->runController()
#5 C:\xampp\htdocs\yii\framework\base\CApplication.php(180): CWebApplication->processRequest()
#6 C:\xampp\htdocs\day2\index.php(13): CWebApplication->run()
REQUEST_URI=/day2/index.php?r=site/practice7
in C:\xampp\htdocs\day2\protected\controllers\SiteController.php (158)
in C:\xampp\htdocs\day2\index.php (13)
2018/08/14 05:35:35 [error] [php] str_repeat(): Second argument has to be greater than or equal to 0 (C:\xampp\htdocs\day2\protected\controllers\SiteController.php:158)
Stack trace:
#0 C:\xampp\htdocs\yii\framework\web\CController.php(308): CInlineAction->runWithParams()
#1 C:\xampp\htdocs\yii\framework\web\CController.php(286): SiteController->runAction()
#2 C:\xampp\htdocs\yii\framework\web\CController.php(265): SiteController->runActionWithFilters()
#3 C:\xampp\htdocs\yii\framework\web\CWebApplication.php(282): SiteController->run()
#4 C:\xampp\htdocs\yii\framework\web\CWebApplication.php(141): CWebApplication->runController()
#5 C:\xampp\htdocs\yii\framework\base\CApplication.php(180): CWebApplication->processRequest()
#6 C:\xampp\htdocs\day2\index.php(13): CWebApplication->run()
REQUEST_URI=/day2/index.php?r=site/practice7
in C:\xampp\htdocs\day2\protected\controllers\SiteController.php (158)
in C:\xampp\htdocs\day2\index.php (13)
2018/08/14 05:45:53 [error] [php] str_repeat(): Second argument has to be greater than or equal to 0 (C:\xampp\htdocs\day2\protected\controllers\SiteController.php:155)
Stack trace:
#0 C:\xampp\htdocs\yii\framework\web\CController.php(308): CInlineAction->runWithParams()
#1 C:\xampp\htdocs\yii\framework\web\CController.php(286): SiteController->runAction()
#2 C:\xampp\htdocs\yii\framework\web\CController.php(265): SiteController->runActionWithFilters()
#3 C:\xampp\htdocs\yii\framework\web\CWebApplication.php(282): SiteController->run()
#4 C:\xampp\htdocs\yii\framework\web\CWebApplication.php(141): CWebApplication->runController()
#5 C:\xampp\htdocs\yii\framework\base\CApplication.php(180): CWebApplication->processRequest()
#6 C:\xampp\htdocs\day2\index.php(13): CWebApplication->run()
REQUEST_URI=/day2/index.php?r=site/practice7
in C:\xampp\htdocs\day2\protected\controllers\SiteController.php (155)
in C:\xampp\htdocs\day2\index.php (13)
2018/08/14 06:58:14 [error] [php] Undefined variable: square_root (C:\xampp\htdocs\day2\protected\controllers\SiteController.php:180)
Stack trace:
#0 C:\xampp\htdocs\yii\framework\web\CController.php(286): SiteController->runAction()
#1 C:\xampp\htdocs\yii\framework\web\CController.php(265): SiteController->runActionWithFilters()
#2 C:\xampp\htdocs\yii\framework\web\CWebApplication.php(282): SiteController->run()
#3 C:\xampp\htdocs\yii\framework\web\CWebApplication.php(141): CWebApplication->runController()
#4 C:\xampp\htdocs\yii\framework\base\CApplication.php(180): CWebApplication->processRequest()
#5 C:\xampp\htdocs\day2\index.php(13): CWebApplication->run()
REQUEST_URI=/day2/index.php?r=site/practice8
in C:\xampp\htdocs\day2\protected\controllers\SiteController.php (180)
in C:\xampp\htdocs\day2\index.php (13)
2018/08/14 06:59:04 [error] [php] Invalid argument supplied for foreach() (C:\xampp\htdocs\day2\protected\views\site\practice8.php:24)
Stack trace:
#0 C:\xampp\htdocs\yii\framework\web\CController.php(869): SiteController->renderFile()
#1 C:\xampp\htdocs\yii\framework\web\CController.php(782): SiteController->renderPartial()
#2 C:\xampp\htdocs\day2\protected\controllers\SiteController.php(181): SiteController->render()
#3 C:\xampp\htdocs\yii\framework\web\actions\CInlineAction.php(49): SiteController->actionPractice8()
#4 C:\xampp\htdocs\yii\framework\web\CController.php(308): CInlineAction->runWithParams()
#5 C:\xampp\htdocs\yii\framework\web\CController.php(286): SiteController->runAction()
#6 C:\xampp\htdocs\yii\framework\web\CController.php(265): SiteController->runActionWithFilters()
#7 C:\xampp\htdocs\yii\framework\web\CWebApplication.php(282): SiteController->run()
#8 C:\xampp\htdocs\yii\framework\web\CWebApplication.php(141): CWebApplication->runController()
#9 C:\xampp\htdocs\yii\framework\base\CApplication.php(180): CWebApplication->processRequest()
#10 C:\xampp\htdocs\day2\index.php(13): CWebApplication->run()
REQUEST_URI=/day2/index.php?r=site/practice8
in C:\xampp\htdocs\day2\protected\views\site\practice8.php (24)
in C:\xampp\htdocs\day2\protected\controllers\SiteController.php (181)
in C:\xampp\htdocs\day2\index.php (13)
2018/08/14 06:59:05 [error] [php] Invalid argument supplied for foreach() (C:\xampp\htdocs\day2\protected\views\site\practice8.php:24)
Stack trace:
#0 C:\xampp\htdocs\yii\framework\web\CController.php(869): SiteController->renderFile()
#1 C:\xampp\htdocs\yii\framework\web\CController.php(782): SiteController->renderPartial()
#2 C:\xampp\htdocs\day2\protected\controllers\SiteController.php(181): SiteController->render()
#3 C:\xampp\htdocs\yii\framework\web\actions\CInlineAction.php(49): SiteController->actionPractice8()
#4 C:\xampp\htdocs\yii\framework\web\CController.php(308): CInlineAction->runWithParams()
#5 C:\xampp\htdocs\yii\framework\web\CController.php(286): SiteController->runAction()
#6 C:\xampp\htdocs\yii\framework\web\CController.php(265): SiteController->runActionWithFilters()
#7 C:\xampp\htdocs\yii\framework\web\CWebApplication.php(282): SiteController->run()
#8 C:\xampp\htdocs\yii\framework\web\CWebApplication.php(141): CWebApplication->runController()
#9 C:\xampp\htdocs\yii\framework\base\CApplication.php(180): CWebApplication->processRequest()
#10 C:\xampp\htdocs\day2\index.php(13): CWebApplication->run()
REQUEST_URI=/day2/index.php?r=site/practice8
in C:\xampp\htdocs\day2\protected\views\site\practice8.php (24)
in C:\xampp\htdocs\day2\protected\controllers\SiteController.php (181)
in C:\xampp\htdocs\day2\index.php (13)
2018/08/14 06:59:05 [error] [php] Invalid argument supplied for foreach() (C:\xampp\htdocs\day2\protected\views\site\practice8.php:24)
Stack trace:
#0 C:\xampp\htdocs\yii\framework\web\CController.php(869): SiteController->renderFile()
#1 C:\xampp\htdocs\yii\framework\web\CController.php(782): SiteController->renderPartial()
#2 C:\xampp\htdocs\day2\protected\controllers\SiteController.php(181): SiteController->render()
#3 C:\xampp\htdocs\yii\framework\web\actions\CInlineAction.php(49): SiteController->actionPractice8()
#4 C:\xampp\htdocs\yii\framework\web\CController.php(308): CInlineAction->runWithParams()
#5 C:\xampp\htdocs\yii\framework\web\CController.php(286): SiteController->runAction()
#6 C:\xampp\htdocs\yii\framework\web\CController.php(265): SiteController->runActionWithFilters()
#7 C:\xampp\htdocs\yii\framework\web\CWebApplication.php(282): SiteController->run()
#8 C:\xampp\htdocs\yii\framework\web\CWebApplication.php(141): CWebApplication->runController()
#9 C:\xampp\htdocs\yii\framework\base\CApplication.php(180): CWebApplication->processRequest()
#10 C:\xampp\htdocs\day2\index.php(13): CWebApplication->run()
REQUEST_URI=/day2/index.php?r=site/practice8
in C:\xampp\htdocs\day2\protected\views\site\practice8.php (24)
in C:\xampp\htdocs\day2\protected\controllers\SiteController.php (181)
in C:\xampp\htdocs\day2\index.php (13)
